{"/Users/atrager/Nfinished/react-tiny-contextmenu/src/index.tsx": {"path":"/Users/atrager/Nfinished/react-tiny-contextmenu/src/index.tsx","statementMap":{"0":{"start":{"line":1,"column":0},"end":{"line":1,"column":null}},"1":{"start":{"line":10,"column":0},"end":{"line":10,"column":43}},"2":{"start":{"line":11,"column":0},"end":{"line":11,"column":32}},"3":{"start":{"line":13,"column":0},"end":{"line":13,"column":21}},"4":{"start":{"line":21,"column":37},"end":{"line":93,"column":1}},"5":{"start":{"line":22,"column":14},"end":{"line":22,"column":null}},"6":{"start":{"line":23,"column":7},"end":{"line":23,"column":null}},"7":{"start":{"line":24,"column":18},"end":{"line":24,"column":null}},"8":{"start":{"line":25,"column":22},"end":{"line":25,"column":null}},"9":{"start":{"line":26,"column":11},"end":{"line":26,"column":null}},"10":{"start":{"line":27,"column":15},"end":{"line":27,"column":null}},"11":{"start":{"line":28,"column":9},"end":{"line":29,"column":null}},"12":{"start":{"line":30,"column":14},"end":{"line":30,"column":42}},"13":{"start":{"line":32,"column":34},"end":{"line":32,"column":55}},"14":{"start":{"line":32,"column":17},"end":{"line":32,"column":19}},"15":{"start":{"line":32,"column":30},"end":{"line":32,"column":34}},"16":{"start":{"line":34,"column":28},"end":{"line":37,"column":48}},"17":{"start":{"line":34,"column":14},"end":{"line":34,"column":16}},"18":{"start":{"line":34,"column":24},"end":{"line":34,"column":28}},"19":{"start":{"line":39,"column":19},"end":{"line":39,"column":60}},"20":{"start":{"line":39,"column":37},"end":{"line":39,"column":57}},"21":{"start":{"line":41,"column":2},"end":{"line":41,"column":null}},"22":{"start":{"line":43,"column":18},"end":{"line":46,"column":3}},"23":{"start":{"line":44,"column":4},"end":{"line":44,"column":null}},"24":{"start":{"line":45,"column":4},"end":{"line":45,"column":null}},"25":{"start":{"line":48,"column":28},"end":{"line":53,"column":8}},"26":{"start":{"line":49,"column":4},"end":{"line":49,"column":null}},"27":{"start":{"line":50,"column":29},"end":{"line":50,"column":null}},"28":{"start":{"line":51,"column":4},"end":{"line":51,"column":null}},"29":{"start":{"line":52,"column":4},"end":{"line":52,"column":null}},"30":{"start":{"line":55,"column":2},"end":{"line":63,"column":null}},"31":{"start":{"line":56,"column":42},"end":{"line":56,"column":null}},"32":{"start":{"line":58,"column":4},"end":{"line":62,"column":null}},"33":{"start":{"line":59,"column":6},"end":{"line":59,"column":null}},"34":{"start":{"line":60,"column":6},"end":{"line":61,"column":null}},"35":{"start":{"line":61,"column":8},"end":{"line":61,"column":null}},"36":{"start":{"line":65,"column":2},"end":{"line":68,"column":null}},"37":{"start":{"line":66,"column":4},"end":{"line":66,"column":null}},"38":{"start":{"line":67,"column":4},"end":{"line":67,"column":null}},"39":{"start":{"line":67,"column":17},"end":{"line":67,"column":null}},"40":{"start":{"line":70,"column":2},"end":{"line":92,"column":null}},"41":{"start":{"line":70,"column":17},"end":{"line":70,"column":null}},"42":{"start":{"line":72,"column":4},"end":{"line":92,"column":null}},"43":{"start":{"line":80,"column":31},"end":{"line":80,"column":36}},"44":{"start":{"line":80,"column":40},"end":{"line":80,"column":44}},"45":{"start":{"line":80,"column":54},"end":{"line":90,"column":10}},"46":{"start":{"line":95,"column":0},"end":{"line":95,"column":null}}},"fnMap":{"0":{"name":"(anonymous_0)","decl":{"start":{"line":21,"column":37},"end":{"line":21,"column":38}},"loc":{"start":{"line":29,"column":1},"end":{"line":93,"column":1}}},"1":{"name":"(anonymous_1)","decl":{"start":{"line":39,"column":31},"end":{"line":39,"column":37}},"loc":{"start":{"line":39,"column":31},"end":{"line":39,"column":48}}},"2":{"name":"(anonymous_2)","decl":{"start":{"line":43,"column":18},"end":{"line":43,"column":19}},"loc":{"start":{"line":43,"column":70},"end":{"line":46,"column":3}}},"3":{"name":"(anonymous_3)","decl":{"start":{"line":48,"column":40},"end":{"line":48,"column":41}},"loc":{"start":{"line":48,"column":58},"end":{"line":53,"column":3}}},"4":{"name":"(anonymous_4)","decl":{"start":{"line":55,"column":12},"end":{"line":55,"column":null}},"loc":{"start":{"line":55,"column":12},"end":{"line":63,"column":3}}},"5":{"name":"(anonymous_5)","decl":{"start":{"line":60,"column":13},"end":{"line":60,"column":null}},"loc":{"start":{"line":60,"column":13},"end":{"line":61,"column":24}}},"6":{"name":"(anonymous_6)","decl":{"start":{"line":65,"column":12},"end":{"line":65,"column":null}},"loc":{"start":{"line":65,"column":12},"end":{"line":68,"column":3}}},"7":{"name":"(anonymous_7)","decl":{"start":{"line":67,"column":11},"end":{"line":67,"column":17}},"loc":{"start":{"line":67,"column":11},"end":{"line":67,"column":25}}},"8":{"name":"(anonymous_8)","decl":{"start":{"line":80,"column":19},"end":{"line":80,"column":20}},"loc":{"start":{"line":80,"column":49},"end":{"line":90,"column":10}}}},"branchMap":{"0":{"loc":{"start":{"line":45,"column":4},"end":{"line":45,"column":15}},"type":"binary-expr","locations":[{"start":{"line":45,"column":4},"end":{"line":45,"column":15}},{"start":{"line":45,"column":19},"end":{"line":45,"column":37}}]},"1":{"loc":{"start":{"line":58,"column":4},"end":{"line":62,"column":null}},"type":"if","locations":[{"start":{"line":58,"column":4},"end":{"line":62,"column":null}},{"start":{"line":58,"column":4},"end":{"line":62,"column":null}}]},"2":{"loc":{"start":{"line":70,"column":2},"end":{"line":92,"column":null}},"type":"if","locations":[{"start":{"line":70,"column":2},"end":{"line":92,"column":null}},{"start":{"line":70,"column":2},"end":{"line":92,"column":null}}]}},"s":{"0":1,"1":1,"2":1,"3":1,"4":1,"5":1,"6":1,"7":1,"8":1,"9":1,"10":1,"11":1,"12":1,"13":1,"14":1,"15":1,"16":1,"17":1,"18":1,"19":1,"20":0,"21":1,"22":1,"23":0,"24":0,"25":1,"26":0,"27":0,"28":0,"29":0,"30":1,"31":1,"32":1,"33":1,"34":1,"35":1,"36":1,"37":1,"38":1,"39":1,"40":1,"41":1,"42":0,"43":0,"44":0,"45":0,"46":1},"f":{"0":1,"1":0,"2":0,"3":0,"4":1,"5":1,"6":1,"7":1,"8":0},"b":{"0":[0,0],"1":[1,0],"2":[1,0]}}
,"/Users/atrager/Nfinished/react-tiny-contextmenu/src/hooks/index.ts": {"path":"/Users/atrager/Nfinished/react-tiny-contextmenu/src/hooks/index.ts","statementMap":{"0":{"start":{"line":1,"column":0},"end":{"line":1,"column":9}},"1":{"start":{"line":1,"column":9},"end":{"line":1,"column":37}}},"fnMap":{"0":{"name":"(anonymous_1)","decl":{"start":{"line":1,"column":9},"end":{"line":1,"column":16}},"loc":{"start":{"line":1,"column":9},"end":{"line":1,"column":37}}}},"branchMap":{},"s":{"0":1,"1":2},"f":{"0":1},"b":{}}
,"/Users/atrager/Nfinished/react-tiny-contextmenu/src/hooks/useOnClickOutside.ts": {"path":"/Users/atrager/Nfinished/react-tiny-contextmenu/src/hooks/useOnClickOutside.ts","statementMap":{"0":{"start":{"line":1,"column":0},"end":{"line":1,"column":25}},"1":{"start":{"line":6,"column":13},"end":{"line":24,"column":null}},"2":{"start":{"line":7,"column":2},"end":{"line":23,"column":null}},"3":{"start":{"line":8,"column":21},"end":{"line":14,"column":5}},"4":{"start":{"line":10,"column":6},"end":{"line":12,"column":null}},"5":{"start":{"line":11,"column":8},"end":{"line":11,"column":14}},"6":{"start":{"line":13,"column":6},"end":{"line":13,"column":null}},"7":{"start":{"line":16,"column":4},"end":{"line":16,"column":null}},"8":{"start":{"line":17,"column":4},"end":{"line":17,"column":null}},"9":{"start":{"line":19,"column":4},"end":{"line":22,"column":null}},"10":{"start":{"line":20,"column":6},"end":{"line":20,"column":null}},"11":{"start":{"line":21,"column":6},"end":{"line":21,"column":null}},"12":{"start":{"line":26,"column":0},"end":{"line":26,"column":null}}},"fnMap":{"0":{"name":"(anonymous_0)","decl":{"start":{"line":6,"column":33},"end":{"line":6,"column":34}},"loc":{"start":{"line":6,"column":86},"end":{"line":24,"column":1}}},"1":{"name":"(anonymous_1)","decl":{"start":{"line":7,"column":18},"end":{"line":7,"column":null}},"loc":{"start":{"line":7,"column":18},"end":{"line":23,"column":3}}},"2":{"name":"(anonymous_2)","decl":{"start":{"line":8,"column":21},"end":{"line":8,"column":22}},"loc":{"start":{"line":8,"column":52},"end":{"line":14,"column":5}}},"3":{"name":"(anonymous_3)","decl":{"start":{"line":19,"column":11},"end":{"line":19,"column":null}},"loc":{"start":{"line":19,"column":11},"end":{"line":22,"column":5}}}},"branchMap":{"0":{"loc":{"start":{"line":10,"column":6},"end":{"line":12,"column":null}},"type":"if","locations":[{"start":{"line":10,"column":6},"end":{"line":12,"column":null}},{"start":{"line":10,"column":6},"end":{"line":12,"column":null}}]},"1":{"loc":{"start":{"line":10,"column":10},"end":{"line":10,"column":22}},"type":"binary-expr","locations":[{"start":{"line":10,"column":10},"end":{"line":10,"column":22}},{"start":{"line":10,"column":26},"end":{"line":10,"column":75}}]}},"s":{"0":1,"1":1,"2":1,"3":1,"4":0,"5":0,"6":0,"7":1,"8":1,"9":1,"10":1,"11":1,"12":1},"f":{"0":1,"1":1,"2":0,"3":1},"b":{"0":[0,0],"1":[0,0]}}
,"/Users/atrager/Nfinished/react-tiny-contextmenu/src/utils/index.ts": {"path":"/Users/atrager/Nfinished/react-tiny-contextmenu/src/utils/index.ts","statementMap":{"0":{"start":{"line":1,"column":13},"end":{"line":1,"column":null}},"1":{"start":{"line":1,"column":77},"end":{"line":1,"column":null}},"2":{"start":{"line":3,"column":13},"end":{"line":3,"column":null}},"3":{"start":{"line":3,"column":45},"end":{"line":3,"column":null}},"4":{"start":{"line":3,"column":70},"end":{"line":3,"column":null}},"5":{"start":{"line":5,"column":13},"end":{"line":5,"column":null}},"6":{"start":{"line":5,"column":70},"end":{"line":5,"column":null}}},"fnMap":{"0":{"name":"(anonymous_0)","decl":{"start":{"line":1,"column":21},"end":{"line":1,"column":60}},"loc":{"start":{"line":1,"column":72},"end":{"line":1,"column":83}}},"1":{"name":"(anonymous_1)","decl":{"start":{"line":3,"column":25},"end":{"line":3,"column":29}},"loc":{"start":{"line":3,"column":40},"end":{"line":3,"column":49}}},"2":{"name":"(anonymous_2)","decl":{"start":{"line":3,"column":45},"end":{"line":3,"column":49}},"loc":{"start":{"line":3,"column":65},"end":{"line":3,"column":75}}},"3":{"name":"(anonymous_3)","decl":{"start":{"line":5,"column":30},"end":{"line":5,"column":31}},"loc":{"start":{"line":5,"column":65},"end":{"line":5,"column":80}}}},"branchMap":{"0":{"loc":{"start":{"line":3,"column":70},"end":{"line":3,"column":75}},"type":"binary-expr","locations":[{"start":{"line":3,"column":70},"end":{"line":3,"column":75}},{"start":{"line":3,"column":79},"end":{"line":3,"column":87}}]}},"s":{"0":1,"1":0,"2":1,"3":1,"4":1,"5":1,"6":0},"f":{"0":0,"1":1,"2":1,"3":0},"b":{"0":[1,1]}}
}
